ERC report (2026-07-13T23:53:15, Encoding UTF8)
Report includes: Errors, Warnings

***** Sheet /
[unconnected_wire_endpoint]: Unconnected wire endpoint
    ; warning
    @(85.09 mm, 43.18 mm): Vertical Wire, length 1.27 mm

***** Sheet /ESP32/
[pin_not_connected]: Pin not connected
    ; error
    @(74.93 mm, 156.21 mm): Symbol U2 Pin 24 [IO2, Bidirectional, Line]
[pin_not_connected]: Pin not connected
    ; error
    @(74.93 mm, 186.69 mm): Symbol U2 Pin 4 [SENSOR_VP, Input, Line]
[pin_not_driven]: Input pin not driven by any Output pins
    ; error
    @(74.93 mm, 186.69 mm): Symbol U2 Pin 4 [SENSOR_VP, Input, Line]
[pin_not_connected]: Pin not connected
    ; error
    @(77.47 mm, 186.69 mm): Symbol U2 Pin 5 [SENSOR_VN, Input, Line]
[pin_not_driven]: Input pin not driven by any Output pins
    ; error
    @(77.47 mm, 186.69 mm): Symbol U2 Pin 5 [SENSOR_VN, Input, Line]
[pin_not_connected]: Pin not connected
    ; error
    @(80.01 mm, 156.21 mm): Symbol U2 Pin 26 [IO4, Bidirectional, Line]
[pin_not_connected]: Pin not connected
    ; error
    @(82.55 mm, 156.21 mm): Symbol U2 Pin 29 [IO5, Bidirectional, Line]
[pin_not_connected]: Pin not connected
    ; error
    @(85.09 mm, 156.21 mm): Symbol U2 Pin 14 [IO12, Bidirectional, Line]
[pin_not_connected]: Pin not connected
    ; error
    @(87.63 mm, 156.21 mm): Symbol U2 Pin 16 [IO13, Bidirectional, Line]
[pin_not_connected]: Pin not connected
    ; error
    @(90.17 mm, 156.21 mm): Symbol U2 Pin 13 [IO14, Bidirectional, Line]
[pin_not_connected]: Pin not connected
    ; error
    @(92.71 mm, 156.21 mm): Symbol U2 Pin 23 [IO15, Bidirectional, Line]
[power_pin_not_driven]: Input Power pin not driven by any Output Power pins
    ; error
    @(101.60 mm, 30.48 mm): Symbol #PWR029 Pin 1 [Power input, Line]
[pin_not_connected]: Pin not connected
    ; error
    @(105.41 mm, 156.21 mm): Symbol U2 Pin 33 [IO21, Bidirectional, Line]
[pin_not_connected]: Pin not connected
    ; error
    @(107.95 mm, 156.21 mm): Symbol U2 Pin 36 [IO22, Bidirectional, Line]
[pin_not_connected]: Pin not connected
    ; error
    @(118.11 mm, 156.21 mm): Symbol U2 Pin 12 [IO27, Bidirectional, Line]
[pin_not_connected]: Pin not connected
    ; error
    @(120.65 mm, 156.21 mm): Symbol U2 Pin 8 [IO32, Bidirectional, Line]
[pin_not_connected]: Pin not connected
    ; error
    @(123.19 mm, 156.21 mm): Symbol U2 Pin 9 [IO33, Bidirectional, Line]
[power_pin_not_driven]: Input Power pin not driven by any Output Power pins
    ; error
    @(139.70 mm, 171.45 mm): Symbol #PWR01 Pin 1 [Power input, Line]
[power_pin_not_driven]: Input Power pin not driven by any Output Power pins
    ; error
    @(212.09 mm, 160.02 mm): Symbol #PWR022 Pin 1 [Power input, Line]
[power_pin_not_driven]: Input Power pin not driven by any Output Power pins
    ; error
    @(213.36 mm, 120.65 mm): Symbol #PWR012 Pin 1 [Power input, Line]
[power_pin_not_driven]: Input Power pin not driven by any Output Power pins
    ; error
    @(257.81 mm, 91.44 mm): Symbol #PWR015 Pin 1 [Power input, Line]
[pin_to_pin]: Pins of type Unspecified and Passive are connected
    ; warning
    @(236.22 mm, 52.07 mm): Symbol SW1 Pin 1 [1, Unspecified, Line]
    @(236.22 mm, 35.56 mm): Symbol R23 Pin 1 [Passive, Line]
[pin_to_pin]: Pins of type Unspecified and Power input are connected
    ; warning
    @(236.22 mm, 62.23 mm): Symbol SW1 Pin 2 [2, Unspecified, Line]
    @(236.22 mm, 62.23 mm): Symbol #PWR047 Pin 1 [Power input, Line]
[pin_to_pin]: Pins of type Unspecified and Passive are connected
    ; warning
    @(265.43 mm, 53.34 mm): Symbol SW2 Pin 1 [1, Unspecified, Line]
    @(265.43 mm, 46.99 mm): Symbol C8 Pin 1 [Passive, Line]
[pin_to_pin]: Pins of type Unspecified and Power input are connected
    ; warning
    @(265.43 mm, 63.50 mm): Symbol SW2 Pin 2 [2, Unspecified, Line]
    @(265.43 mm, 63.50 mm): Symbol #PWR049 Pin 1 [Power input, Line]

***** Sheet /SENSORES/
[pin_to_pin]: Pins of type Output and Output are connected
    ; error
    @(58.42 mm, 66.04 mm): Symbol U4 Pin 10 [SDO2, Output, Line]
    @(58.42 mm, 63.50 mm): Symbol U4 Pin 15 [SDO1, Output, Line]
[power_pin_not_driven]: Input Power pin not driven by any Output Power pins
    ; error
    @(68.58 mm, 45.72 mm): Symbol U4 Pin 3 [VDD, Power input, Line]

 ** ERC messages: 28  Errors 23  Warnings 5

 ** Ignored checks:
    - Global label only appears once in the schematic
    - Four connection points are joined together
    - SPICE model issue
    - Assigned footprint doesn't match footprint filters
